[18:59:43] [ServerMain/INFO]: Environment: Environment[sessionHost=https://sessionserver.mojang.com, servicesHost=https://api.minecraftservices.com, profilesHost=https://api.mojang.com, name=PROD]
[18:59:46] [ServerMain/INFO]: Loaded 1461 recipes
[18:59:46] [ServerMain/INFO]: Loaded 1574 advancements
[18:59:47] [Server thread/INFO]: Starting minecraft server version 1.21.9
[18:59:47] [Server thread/INFO]: Loading properties
[18:59:47] [Server thread/INFO]: Default game type: SURVIVAL
[18:59:47] [Server thread/INFO]: Generating keypair
[18:59:47] [Server thread/INFO]: Starting Minecraft server on *:25565
[18:59:47] [Server thread/INFO]: Using epoll channel type
[18:59:47] [Server thread/WARN]: **** SERVER IS RUNNING IN OFFLINE/INSECURE MODE!
[18:59:47] [Server thread/WARN]: The server will make no attempt to authenticate usernames. Beware.
[18:59:47] [Server thread/WARN]: While this makes the game possible to play without internet access, it also opens up the ability for hackers to connect with any username they choose.
[18:59:47] [Server thread/WARN]: To change this, set "online-mode" to "true" in the server.properties file.
[18:59:47] [Server thread/INFO]: Preparing level "world"
[18:59:48] [Server thread/INFO]: Loading 49 persistent chunks...
[18:59:48] [Server thread/INFO]: Preparing spawn area: 16%
[18:59:48] [Server thread/INFO]: Preparing spawn area: 16%
[18:59:49] [Server thread/INFO]: Preparing spawn area: 16%
[18:59:49] [Server thread/INFO]: Preparing spawn area: 16%
[18:59:50] [Server thread/INFO]: Preparing spawn area: 16%
[18:59:50] [Server thread/INFO]: Preparing spawn area: 16%
[18:59:51] [Server thread/INFO]: Preparing spawn area: 16%
[18:59:51] [Server thread/INFO]: Preparing spawn area: 16%
[18:59:52] [Server thread/INFO]: Preparing spawn area: 16%
[18:59:52] [Server thread/INFO]: Preparing spawn area: 16%
[18:59:53] [Server thread/INFO]: Preparing spawn area: 16%
[18:59:53] [Server thread/INFO]: Preparing spawn area: 16%
[18:59:54] [Server thread/INFO]: Preparing spawn area: 16%
[18:59:54] [Server thread/INFO]: Preparing spawn area: 16%
[18:59:55] [Server thread/INFO]: Preparing spawn area: 16%
[18:59:55] [Server thread/INFO]: Preparing spawn area: 16%
[18:59:56] [Server thread/INFO]: Preparing spawn area: 16%
[18:59:56] [Server thread/INFO]: Preparing spawn area: 16%
[18:59:57] [Server thread/INFO]: Time elapsed: 8970 ms
[18:59:57] [Server thread/INFO]: Done (9.654s)! For help, type "help"
[19:00:02] [Server thread/INFO]: Crizona39[/127.141.75.184:54421] logged in with entity id 10 at (-137.19104186916775, 95.0, -195.69999998807907)
[19:00:02] [Server thread/INFO]: Crizona39 joined the game
[19:00:09] [Server thread/INFO]: rafagd[/127.141.75.184:47163] logged in with entity id 320 at (-157.9050040512866, 64.0, 1705.7099555791458)
[19:00:09] [Server thread/INFO]: rafagd joined the game
[19:01:13] [Server thread/INFO]: strawfire[/127.141.75.184:41471] logged in with entity id 830 at (-5159.699999988079, 61.0, 1667.5104090356215)
[19:01:13] [Server thread/INFO]: strawfire joined the game
[19:03:52] [Server thread/WARN]: Mismatch in destroy block pos: ja{x=-5150, y=64, z=1671} ja{x=-5151, y=62, z=1671}
[19:06:18] [Server thread/INFO]: Villager cyx['Nitwit'/4948, l='ServerLevel[world]', x=-334.60, y=80.00, z=1646.69] died, message: 'Nitwit hit the ground too hard'
[19:06:26] [Server thread/INFO]: Villager cyx['Villager'/4947, l='ServerLevel[world]', x=-335.83, y=83.00, z=1646.76] died, message: 'Villager hit the ground too hard'
[19:07:52] [Server thread/WARN]: Mismatch in destroy block pos: ja{x=-90, y=39, z=-127} ja{x=-90, y=40, z=-149}
[19:09:15] [Server thread/INFO]: strawfire lost connection: Disconnected
[19:09:15] [Server thread/INFO]: strawfire left the game
[19:09:18] [Server thread/INFO]: strawfire[/127.141.75.184:45091] logged in with entity id 7512 at (-5150.300000011921, 61.0, 1671.300000011921)
[19:09:18] [Server thread/INFO]: strawfire joined the game
[19:14:27] [Server thread/INFO]: rafagd has made the advancement [Hidden in the Depths]
[19:36:31] [Server thread/INFO]: strawfire lost connection: Disconnected
[19:36:31] [Server thread/INFO]: strawfire left the game
[19:36:41] [Server thread/INFO]: strawfire[/127.141.75.184:54055] logged in with entity id 29491 at (-613.9548199833002, 57.09054135074084, 115.10228238550829)
[19:36:41] [Server thread/INFO]: strawfire joined the game
[19:36:51] [Server thread/INFO]: strawfire lost connection: Disconnected
[19:36:51] [Server thread/INFO]: strawfire left the game
[19:37:23] [Server thread/INFO]: strawfire[/127.141.75.184:55573] logged in with entity id 30000 at (-612.0929791660948, 27.794204486841018, 115.06983764249362)
[19:37:23] [Server thread/INFO]: strawfire joined the game
[19:37:24] [Server thread/INFO]: strawfire has reached the goal [Postmortal]
[19:41:18] [Server thread/INFO]: strawfire lost connection: Disconnected
[19:41:18] [Server thread/INFO]: strawfire left the game
[19:41:57] [Server thread/INFO]: strawfire[/127.141.75.184:56025] logged in with entity id 33576 at (-358.8671916673581, 32.600000047683714, 52.55000001192093)
[19:41:57] [Server thread/INFO]: strawfire joined the game
[19:41:58] [Server thread/INFO]: strawfire lost connection: Disconnected
[19:41:58] [Server thread/INFO]: strawfire left the game
[19:42:11] [Server thread/INFO]: strawfire[/127.141.75.184:54783] logged in with entity id 33754 at (-358.8282102966571, 32.600000047683714, 52.55000001192093)
[19:42:11] [Server thread/INFO]: strawfire joined the game
[19:42:12] [Server thread/INFO]: strawfire tried to swim in lava
[19:43:38] [Server thread/WARN]: Mismatch in destroy block pos: ja{x=-72, y=15, z=211} ja{x=-72, y=15, z=210}
[19:43:38] [Server thread/WARN]: Mismatch in destroy block pos: ja{x=-72, y=15, z=211} ja{x=-72, y=15, z=210}
[19:43:38] [Server thread/WARN]: Mismatch in destroy block pos: ja{x=-72, y=15, z=211} ja{x=-72, y=15, z=210}
[19:43:39] [Server thread/WARN]: Mismatch in destroy block pos: ja{x=-72, y=15, z=211} ja{x=-72, y=15, z=210}
[19:43:39] [Server thread/WARN]: Mismatch in destroy block pos: ja{x=-72, y=15, z=211} ja{x=-72, y=15, z=210}
[19:43:39] [Server thread/WARN]: Mismatch in destroy block pos: ja{x=-72, y=15, z=211} ja{x=-72, y=15, z=210}
[19:43:39] [Server thread/WARN]: Mismatch in destroy block pos: ja{x=-72, y=15, z=211} ja{x=-72, y=15, z=210}
[19:43:54] [Server thread/WARN]: Mismatch in destroy block pos: ja{x=-75, y=15, z=204} ja{x=-69, y=15, z=213}
[19:44:59] [Server thread/WARN]: Can't keep up! Is the server overloaded? Running 2004ms or 40 ticks behind
[19:46:07] [Server thread/WARN]: Mismatch in destroy block pos: ja{x=-16, y=15, z=178} ja{x=-15, y=15, z=177}
[19:54:10] [Server thread/INFO]: Crizona39 has made the advancement [Minecraft: Trial(s) Edition]
[20:00:26] [Server thread/INFO]: [Not Secure] <Crizona39> 167 -667
[20:01:01] [Server thread/INFO]: [Not Secure] <Crizona39> 132 188
[20:03:11] [Server thread/INFO]: [Not Secure] <Crizona39> malo = yerko
[20:03:35] [Server thread/INFO]: [Not Secure] <Crizona39> ./msg rafagd malo = yerko
[20:03:46] [Server thread/INFO]: [Not Secure] <Crizona39> ./msg rafagd malo = yerko
[20:03:46] [Server thread/INFO]: [Not Secure] <Crizona39> ./msg rafagd malo = yerko
[20:03:46] [Server thread/INFO]: [Not Secure] <Crizona39> ./msg rafagd malo = yerko
[20:03:47] [Server thread/INFO]: [Not Secure] <Crizona39> ./msg rafagd malo = yerkot
[20:03:56] [Server thread/INFO]: [Not Secure] <strawfire> ricardo malo
[20:03:59] [Server thread/INFO]: [Not Secure] <strawfire> ricardo malo
[20:04:02] [Server thread/INFO]: [Not Secure] <strawfire> ricardo malo
[20:04:03] [Server thread/INFO]: [Not Secure] <strawfire> ricardo malo
[20:04:03] [Server thread/INFO]: [Not Secure] <strawfire> ricardo malo
[20:04:04] [Server thread/INFO]: [Not Secure] <strawfire> ricardo malo
[20:04:04] [Server thread/INFO]: [Not Secure] <Crizona39> yerko tonto
[20:04:05] [Server thread/INFO]: [Not Secure] <strawfire> ricardo malo
[20:04:06] [Server thread/INFO]: [Not Secure] <strawfire> ricardo malo
[20:04:06] [Server thread/INFO]: [Not Secure] <strawfire> ricardo malo
[20:04:07] [Server thread/INFO]: [Not Secure] <strawfire> ricardo malo
[20:04:07] [Server thread/INFO]: [Not Secure] <strawfire> ricardo malo
[20:04:08] [Server thread/INFO]: [Not Secure] <strawfire> ricardo malo
[20:04:08] [Server thread/INFO]: [Not Secure] <Crizona39> yerko tonto
[20:04:08] [Server thread/INFO]: [Not Secure] <strawfire> ricardo malo
[20:04:09] [Server thread/INFO]: [Not Secure] <strawfire> ricardo malo
[20:04:09] [Server thread/INFO]: [Not Secure] <Crizona39> yerko tonto
[20:04:09] [Server thread/INFO]: [Not Secure] <strawfire> ricardo malot
[20:04:09] [Server thread/INFO]: [Not Secure] <Crizona39> yerko tonto
[20:04:10] [Server thread/INFO]: [Not Secure] <Crizona39> yerko tonto
[20:04:10] [Server thread/INFO]: [Not Secure] <strawfire> ricardo malot
[20:04:10] [Server thread/INFO]: [Not Secure] <Crizona39> yerko tonto
[20:04:11] [Server thread/INFO]: [Not Secure] <strawfire> ricardo malot
[20:04:11] [Server thread/INFO]: [Not Secure] <Crizona39> yerko tonto
[20:04:11] [Server thread/INFO]: [Not Secure] <strawfire> ricardo malot
[20:04:12] [Server thread/INFO]: [Not Secure] <Crizona39> yerko tonto
[20:04:12] [Server thread/INFO]: [Not Secure] <strawfire> ricardo malot
[20:04:12] [Server thread/INFO]: [Not Secure] <Crizona39> yerko tonto
[20:04:12] [Server thread/INFO]: [Not Secure] <strawfire> ricardo malot
[20:04:13] [Server thread/INFO]: [Not Secure] <strawfire> ricardo malot
[20:04:13] [Server thread/INFO]: [Not Secure] <strawfire> ricardo malot
[20:04:14] [Server thread/INFO]: [Not Secure] <strawfire> ricardo malot
[20:04:14] [Server thread/INFO]: [Not Secure] <strawfire> ricardo malot
[20:04:15] [Server thread/INFO]: [Not Secure] <Crizona39> yerko tonto
[20:04:16] [Server thread/INFO]: [Not Secure] <Crizona39> yerko tonto
[20:04:16] [Server thread/INFO]: [Not Secure] <Crizona39> yerko tonto
[20:04:16] [Server thread/INFO]: [Not Secure] <Crizona39> yerko tontot
[20:04:17] [Server thread/INFO]: [Not Secure] <strawfire> ricardo malo
[20:04:17] [Server thread/INFO]: [Not Secure] <Crizona39> yerko tontot
[20:04:17] [Server thread/INFO]: [Not Secure] <strawfire> ricardo malo
[20:04:17] [Server thread/INFO]: [Not Secure] <Crizona39> yerko tontot
[20:04:18] [Server thread/INFO]: [Not Secure] <Crizona39> yerko tontott
[20:04:18] [Server thread/INFO]: [Not Secure] <strawfire> ricardo malo
[20:04:18] [Server thread/INFO]: [Not Secure] <Crizona39> yerko tontott
[20:04:18] [Server thread/INFO]: [Not Secure] <strawfire> ricardo malo
[20:04:19] [Server thread/INFO]: [Not Secure] <Crizona39> yerko tontott
[20:04:19] [Server thread/INFO]: [Not Secure] <Crizona39> yerko tontottt
[20:04:19] [Server thread/INFO]: [Not Secure] <strawfire> ricardo malo
[20:04:22] [Server thread/INFO]: [Not Secure] <strawfire> ricardo malo
[20:04:22] [Server thread/INFO]: [Not Secure] <strawfire> ricardo malo
[20:04:22] [Server thread/INFO]: [Not Secure] <strawfire> ricardo malo
[20:04:23] [Server thread/INFO]: [Not Secure] <strawfire> ricardo malo
[20:04:23] [Server thread/INFO]: [Not Secure] <strawfire> ricardo malo
[20:04:23] [Server thread/INFO]: strawfire lost connection: Kicked for spamming
[20:04:23] [Server thread/INFO]: strawfire left the game
[20:04:24] [Server thread/INFO]: [Not Secure] <Crizona39> yerko tonto
[20:04:24] [Server thread/INFO]: [Not Secure] <Crizona39> yerko tonto
[20:04:26] [Server thread/INFO]: [Not Secure] <Crizona39> yerko tonto
[20:04:29] [Server thread/INFO]: strawfire[/127.141.75.184:42473] logged in with entity id 51116 at (-5141.939132550934, 64.9375, 1680.1607674411189)
[20:04:29] [Server thread/INFO]: strawfire joined the game
[20:04:32] [Server thread/INFO]: [Not Secure] <Crizona39> yerko tonto
[20:04:33] [Server thread/INFO]: [Not Secure] <Crizona39> yerko tonto
[20:04:33] [Server thread/INFO]: [Not Secure] <Crizona39> yerko tonto
[20:04:34] [Server thread/INFO]: [Not Secure] <Crizona39> yerko tonto
[20:04:35] [Server thread/INFO]: [Not Secure] <Crizona39> yerko tonto
[20:04:35] [Server thread/INFO]: [Not Secure] <Crizona39> yerko tonto
[20:04:36] [Server thread/INFO]: [Not Secure] <Crizona39> yerko tonto
[20:04:36] [Server thread/INFO]: [Not Secure] <Crizona39> yerko tonto
[20:04:37] [Server thread/INFO]: [Not Secure] <Crizona39> yerko tonto
[20:04:37] [Server thread/INFO]: [Not Secure] <Crizona39> yerko tonto
[20:04:38] [Server thread/INFO]: [Not Secure] <Crizona39> yerko tonto
[20:04:38] [Server thread/INFO]: [Not Secure] <Crizona39> yerko tonto
[20:04:39] [Server thread/INFO]: [Not Secure] <Crizona39> yerko tonto
[20:04:39] [Server thread/INFO]: [Not Secure] <Crizona39> yerko tonto
[20:04:40] [Server thread/INFO]: [Not Secure] <Crizona39> yerko tonto
[20:04:40] [Server thread/INFO]: [Not Secure] <Crizona39> yerko tonto
[20:04:41] [Server thread/INFO]: [Not Secure] <Crizona39> yerko tonto
[20:04:41] [Server thread/INFO]: [Not Secure] <Crizona39> yerko tonto
[20:04:41] [Server thread/INFO]: [Not Secure] <Crizona39> yerko tonto
[20:04:41] [Server thread/INFO]: Crizona39 lost connection: Kicked for spamming
[20:04:41] [Server thread/INFO]: Crizona39 left the game
[20:04:45] [Server thread/INFO]: Crizona39[/127.141.75.184:33949] logged in with entity id 51443 at (-1073.0179416294416, 66.5625, -1420.300000011921)
[20:04:45] [Server thread/INFO]: Crizona39 joined the game
[20:04:57] [Server thread/INFO]: [Not Secure] <strawfire> pay Crizona39 100
[20:05:04] [Server thread/INFO]: [Not Secure] <Crizona39> mas te vale
[20:05:34] [Server thread/INFO]: [Not Secure] <strawfire> rango
[20:06:10] [Server thread/INFO]: [Not Secure] <strawfire> ./kits armor diamond in server rafaela l pozo xd pls i need this
[20:07:59] [Server thread/WARN]: Mismatch in destroy block pos: ja{x=-54, y=15, z=-155} ja{x=-55, y=16, z=-151}
[20:08:25] [Server thread/INFO]: [Not Secure] <strawfire> ./kits armor diamond in server rafaela l pozo xd pls i need this
[20:08:34] [Server thread/INFO]: [Not Secure] <strawfire> ./kits armor diamond in server rafaela l pozo xd pls i need this
[20:08:35] [Server thread/INFO]: [Not Secure] <strawfire> ./kits armor diamond in server rafaela l pozo xd pls i need this
[20:08:36] [Server thread/INFO]: [Not Secure] <strawfire> ./kits armor diamond in server rafaela l pozo xd pls i need this
[20:08:37] [Server thread/INFO]: [Not Secure] <strawfire> ./kits armor diamond in server rafaela l pozo xd pls i need this
[20:08:38] [Server thread/INFO]: [Not Secure] <strawfire> ./kits armor diamond in server rafaela l pozo xd pls i need this
[20:08:38] [Server thread/INFO]: [Not Secure] <strawfire> ./kits armor diamond in server rafaela l pozo xd pls i need this
[20:08:39] [Server thread/INFO]: [Not Secure] <strawfire> ./kits armor diamond in server rafaela l pozo xd pls i need this
[20:08:39] [Server thread/INFO]: [Not Secure] <strawfire> ./kits armor diamond in server rafaela l pozo xd pls i need this
[20:08:40] [Server thread/INFO]: [Not Secure] <Crizona39> ratael
[20:08:40] [Server thread/INFO]: [Not Secure] <strawfire> ./kits armor diamond in server rafaela l pozo xd pls i need this
[20:08:41] [Server thread/INFO]: [Not Secure] <strawfire> ./kits armor diamond in server rafaela l pozo xd pls i need this
[20:08:41] [Server thread/INFO]: [Not Secure] <strawfire> ./kits armor diamond in server rafaela l pozo xd pls i need this
[20:08:42] [Server thread/INFO]: [Not Secure] <strawfire> ./kits armor diamond in server rafaela l pozo xd pls i need this
[20:08:48] [Server thread/WARN]: Mismatch in destroy block pos: ja{x=120, y=29, z=278} ja{x=102, y=16, z=284}
[20:08:49] [Server thread/INFO]: [Not Secure] <Crizona39> rafael yo te ayudo
[20:08:53] [Server thread/INFO]: strawfire lost connection: Disconnected
[20:08:53] [Server thread/INFO]: strawfire left the game
[20:09:03] [Server thread/WARN]: Couldn't find profile with name: crizona89bban
com.mojang.authlib.exceptions.MinecraftClientHttpException: Couldn't find any profile with name crizona89bban
	at com.mojang.authlib.minecraft.client.MinecraftClient.readInputStream(MinecraftClient.java:103) ~[authlib-7.0.61.jar:?]
	at com.mojang.authlib.minecraft.client.MinecraftClient.get(MinecraftClient.java:56) ~[authlib-7.0.61.jar:?]
	at com.mojang.authlib.yggdrasil.YggdrasilGameProfileRepository.findProfileByName(YggdrasilGameProfileRepository.java:110) ~[authlib-7.0.61.jar:?]
	at bay.a(SourceFile:74) ~[server-1.21.9.jar:?]
	at bay.a(SourceFile:135) ~[server-1.21.9.jar:?]
	at ez.a(SourceFile:65) ~[server-1.21.9.jar:?]
	at ez.a(SourceFile:31) ~[server-1.21.9.jar:?]
	at anv.a(SourceFile:36) ~[server-1.21.9.jar:?]
	at com.mojang.brigadier.context.ContextChain.runExecutable(ContextChain.java:73) ~[brigadier-1.3.10.jar:?]
	at hw.a(SourceFile:29) ~[server-1.21.9.jar:?]
	at hw.execute(SourceFile:13) ~[server-1.21.9.jar:?]
	at hr.a(SourceFile:8) ~[server-1.21.9.jar:?]
	at hj.a(SourceFile:8) ~[server-1.21.9.jar:?]
	at hn.a(SourceFile:107) ~[server-1.21.9.jar:?]
	at ek.a(SourceFile:422) ~[server-1.21.9.jar:?]
	at ek.a(SourceFile:352) ~[server-1.21.9.jar:?]
	at ek.a(SourceFile:338) ~[server-1.21.9.jar:?]
	at aro.bD(SourceFile:452) ~[server-1.21.9.jar:?]
	at aro.L(SourceFile:442) ~[server-1.21.9.jar:?]
	at net.minecraft.server.MinecraftServer.c(SourceFile:1145) ~[server-1.21.9.jar:?]
	at net.minecraft.server.MinecraftServer.a(SourceFile:1017) ~[server-1.21.9.jar:?]
	at aro.a(SourceFile:321) ~[server-1.21.9.jar:?]
	at net.minecraft.server.MinecraftServer.C(SourceFile:772) ~[server-1.21.9.jar:?]
	at net.minecraft.server.MinecraftServer.a(SourceFile:297) ~[server-1.21.9.jar:?]
	at java.base/java.lang.Thread.run(Thread.java:1583) [?:?]
[20:09:03] [Server thread/INFO]: Banned crizona89bban: strawfire
[20:09:09] [Server thread/INFO]: Banned Crizona39: Banned by an operator.
[20:09:09] [Server thread/INFO]: Crizona39 lost connection: You are banned from this server
[20:09:09] [Server thread/INFO]: Crizona39 left the game
[20:09:11] [Server thread/INFO]: strawfire[/127.141.75.184:60133] logged in with entity id 54243 at (-5117.554604758046, 70.9375, 1713.8398819731306)
[20:09:11] [Server thread/INFO]: strawfire joined the game
[20:10:33] [Server thread/WARN]: Mismatch in destroy block pos: ja{x=92, y=15, z=283} ja{x=92, y=15, z=282}
[20:10:33] [Server thread/WARN]: Mismatch in destroy block pos: ja{x=91, y=15, z=283} ja{x=92, y=15, z=282}
[20:10:34] [Server thread/WARN]: Mismatch in destroy block pos: ja{x=91, y=15, z=283} ja{x=92, y=15, z=282}
[20:10:34] [Server thread/WARN]: Mismatch in destroy block pos: ja{x=91, y=15, z=283} ja{x=92, y=15, z=282}
[20:10:34] [Server thread/WARN]: Mismatch in destroy block pos: ja{x=91, y=15, z=283} ja{x=92, y=15, z=282}
[20:10:34] [Server thread/WARN]: Mismatch in destroy block pos: ja{x=91, y=15, z=283} ja{x=92, y=15, z=282}
[20:10:34] [Server thread/WARN]: Mismatch in destroy block pos: ja{x=91, y=15, z=283} ja{x=92, y=15, z=282}
[20:10:34] [Server thread/WARN]: Mismatch in destroy block pos: ja{x=91, y=15, z=283} ja{x=92, y=15, z=282}
[20:10:34] [Server thread/WARN]: Mismatch in destroy block pos: ja{x=91, y=15, z=283} ja{x=92, y=15, z=282}
[20:10:34] [Server thread/WARN]: Mismatch in destroy block pos: ja{x=91, y=15, z=283} ja{x=92, y=15, z=282}
[20:10:49] [Server thread/INFO]: strawfire lost connection: Disconnected
[20:10:49] [Server thread/INFO]: strawfire left the game
[20:10:55] [Server thread/INFO]: Unknown or incomplete command. See below for error
[20:10:55] [Server thread/INFO]: baban strawfire<--[HERE]
[20:11:01] [Server thread/INFO]: Banned strawfire: Banned by an operator.
[20:11:05] [Server thread/INFO]: Disconnecting strawfire (/127.141.75.184:39629): You are banned from this server.
Reason: Banned by an operator.
[20:11:05] [Server thread/INFO]: strawfire (/127.141.75.184:39629) lost connection: You are banned from this server.
Reason: Banned by an operator.
[20:11:05] [Server thread/WARN]: handleDisconnection() called twice
[20:11:39] [Server thread/INFO]: yerkoGm12[/127.141.75.184:41043] logged in with entity id 55270 at (-664.5, 74.0, 315.5)
[20:11:39] [Server thread/INFO]: yerkoGm12 joined the game
[20:11:43] [Server thread/INFO]: [Not Secure] <yerkoGm12> ratael
[20:11:44] [Server thread/INFO]: [Not Secure] <yerkoGm12> ratael
[20:11:45] [Server thread/INFO]: [Not Secure] <yerkoGm12> ratael
[20:11:45] [Server thread/INFO]: [Not Secure] <yerkoGm12> ratael
[20:11:46] [Server thread/INFO]: [Not Secure] <yerkoGm12> ratael
[20:11:46] [Server thread/INFO]: [Not Secure] <yerkoGm12> ratael
[20:11:47] [Server thread/INFO]: [Not Secure] <yerkoGm12> ratael
[20:11:47] [Server thread/INFO]: [Not Secure] <yerkoGm12> ratael
[20:11:48] [Server thread/INFO]: [Not Secure] <yerkoGm12> ratael
[20:11:48] [Server thread/INFO]: [Not Secure] <yerkoGm12> ratael
[20:11:48] [Server thread/INFO]: [Not Secure] <yerkoGm12> ratael
[20:11:49] [Server thread/INFO]: [Not Secure] <yerkoGm12> ratael
[20:11:49] [Server thread/INFO]: [Not Secure] <yerkoGm12> ratael
[20:11:50] [Server thread/INFO]: [Not Secure] <yerkoGm12> ratael
[20:11:50] [Server thread/INFO]: [Not Secure] <yerkoGm12> ratael
[20:11:51] [Server thread/INFO]: [Not Secure] <yerkoGm12> ratael
[20:11:51] [Server thread/INFO]: [Not Secure] <yerkoGm12> ratael
[20:11:52] [Server thread/INFO]: [Not Secure] <yerkoGm12> ratael
[20:11:53] [Server thread/INFO]: [Not Secure] <yerkoGm12> ratael
[20:11:53] [Server thread/INFO]: [Not Secure] <yerkoGm12> ratael
[20:11:53] [Server thread/INFO]: [Not Secure] <yerkoGm12> ratael
[20:11:53] [Server thread/INFO]: yerkoGm12 lost connection: Kicked for spamming
[20:11:53] [Server thread/INFO]: yerkoGm12 left the game
[20:12:02] [Server thread/INFO]: Unknown or incomplete command. See below for error
[20:12:02] [Server thread/INFO]: banban yerkoGm12<--[HERE]
[20:12:09] [Server thread/INFO]: Banned yerkoGm12: Banned by an operator.
[20:12:13] [Server thread/INFO]: Disconnecting yerkoGm12 (/127.141.75.184:48663): You are banned from this server.
Reason: Banned by an operator.
[20:12:13] [Server thread/INFO]: yerkoGm12 (/127.141.75.184:48663) lost connection: You are banned from this server.
Reason: Banned by an operator.
[20:12:13] [Server thread/WARN]: handleDisconnection() called twice
[20:12:48] [Server thread/INFO]: hifese[/127.141.75.184:45369] logged in with entity id 55764 at (-676.5, 57.0, 303.5)
[20:12:48] [Server thread/INFO]: hifese joined the game
[20:13:05] [Server thread/INFO]: Banned hifese: Banned by an operator.
[20:13:05] [Server thread/INFO]: hifese lost connection: You are banned from this server
[20:13:05] [Server thread/INFO]: hifese left the game
[20:13:55] [Server thread/INFO]: Unbanned Crizona39
[20:14:04] [Server thread/INFO]: Crizona39[/127.141.75.184:33517] logged in with entity id 56123 at (-53.85444642108682, 13.0, -147.30975275977326)
[20:14:04] [Server thread/INFO]: Crizona39 joined the game
[20:15:18] [Server thread/INFO]: Unbanned strawfire
[20:15:53] [Server thread/WARN]: Mismatch in destroy block pos: ja{x=-54, y=15, z=-138} ja{x=-54, y=15, z=-151}
[20:16:16] [Server thread/INFO]: Disconnecting hifese (/127.141.75.184:48523): You are banned from this server.
Reason: Banned by an operator.
[20:16:16] [Server thread/INFO]: hifese (/127.141.75.184:48523) lost connection: You are banned from this server.
Reason: Banned by an operator.
[20:16:16] [Server thread/WARN]: handleDisconnection() called twice
[20:16:49] [Server thread/INFO]: strawfire[/127.141.75.184:38241] logged in with entity id 56894 at (-5151.642499083588, 61.0, 1669.754055184346)
[20:16:49] [Server thread/INFO]: strawfire joined the game
[20:17:05] [Server thread/INFO]: [Not Secure] <strawfire> w
[20:17:39] [Server thread/WARN]: Can't keep up! Is the server overloaded? Running 2330ms or 46 ticks behind
[20:18:41] [Server thread/WARN]: rafagd moved too quickly! 4.44467502925761,-2.4990033597325265,8.768099452646993
[20:20:34] [Server thread/WARN]: Mismatch in destroy block pos: ja{x=-52, y=15, z=-235} ja{x=-52, y=15, z=-232}
[20:20:39] [Server thread/WARN]: Mismatch in destroy block pos: ja{x=-52, y=15, z=-235} ja{x=-51, y=16, z=-220}
[20:22:04] [Server thread/WARN]: Mismatch in destroy block pos: ja{x=-46, y=16, z=-86} ja{x=-47, y=16, z=-86}
[20:27:13] [Server thread/WARN]: Mismatch in destroy block pos: ja{x=-80, y=16, z=-51} ja{x=-81, y=15, z=-47}
[20:27:21] [Server thread/WARN]: Mismatch in destroy block pos: ja{x=-80, y=15, z=-48} ja{x=-80, y=15, z=-47}
[20:27:29] [Server thread/WARN]: Mismatch in destroy block pos: ja{x=-80, y=15, z=-48} ja{x=-79, y=16, z=-46}
[20:28:17] [Server thread/WARN]: Mismatch in destroy block pos: ja{x=-75, y=16, z=-29} ja{x=-81, y=16, z=-23}
[20:28:35] [Server thread/INFO]: strawfire lost connection: Disconnected
[20:28:35] [Server thread/INFO]: strawfire left the game
[20:28:39] [Server thread/INFO]: strawfire[/127.141.75.184:38543] logged in with entity id 68831 at (-5099.856467677768, 64.0, 1660.4122831785148)
[20:28:39] [Server thread/INFO]: strawfire joined the game
[20:30:23] [Server thread/WARN]: Can't keep up! Is the server overloaded? Running 2056ms or 41 ticks behind
[20:35:16] [Server thread/WARN]: rafagd moved too quickly! -9.589583371420133,-1.0,-3.1282176472293486
[20:35:45] [Server thread/WARN]: Mismatch in destroy block pos: ja{x=-86, y=15, z=104} ja{x=-81, y=15, z=103}
[20:37:50] [Server thread/WARN]: Mismatch in destroy block pos: ja{x=-95, y=15, z=36} ja{x=-102, y=15, z=33}
[20:41:05] [Server thread/WARN]: Mismatch in destroy block pos: ja{x=15, y=14, z=15} ja{x=13, y=15, z=14}
[20:41:05] [Server thread/WARN]: Mismatch in destroy block pos: ja{x=15, y=14, z=15} ja{x=13, y=15, z=14}
[20:41:05] [Server thread/WARN]: Mismatch in destroy block pos: ja{x=15, y=14, z=15} ja{x=13, y=15, z=14}
[20:41:05] [Server thread/WARN]: Mismatch in destroy block pos: ja{x=15, y=14, z=15} ja{x=13, y=15, z=14}
[20:41:05] [Server thread/WARN]: Mismatch in destroy block pos: ja{x=15, y=14, z=15} ja{x=13, y=15, z=14}
[20:41:05] [Server thread/WARN]: Mismatch in destroy block pos: ja{x=15, y=14, z=15} ja{x=13, y=15, z=14}
[20:41:05] [Server thread/WARN]: Mismatch in destroy block pos: ja{x=15, y=14, z=15} ja{x=13, y=15, z=14}
[20:41:05] [Server thread/WARN]: Mismatch in destroy block pos: ja{x=15, y=14, z=15} ja{x=13, y=15, z=14}
[20:41:40] [Server thread/WARN]: Can't keep up! Is the server overloaded? Running 2009ms or 40 ticks behind
[20:42:30] [Server thread/WARN]: Mismatch in destroy block pos: ja{x=2, y=15, z=8} ja{x=1, y=14, z=10}
[20:42:30] [Server thread/WARN]: Mismatch in destroy block pos: ja{x=2, y=15, z=8} ja{x=1, y=14, z=10}
[20:42:30] [Server thread/WARN]: Mismatch in destroy block pos: ja{x=2, y=15, z=8} ja{x=1, y=14, z=10}
[20:42:30] [Server thread/WARN]: Mismatch in destroy block pos: ja{x=2, y=15, z=8} ja{x=1, y=14, z=10}
[20:45:10] [Server thread/INFO]: strawfire was shot by Skeleton
[20:46:17] [Server thread/INFO]: strawfire has made the advancement [Bee Our Guest]
[20:49:46] [Server thread/INFO]: Crizona39 has made the advancement [Crafting a New Look]
[20:54:50] [Server thread/INFO]: strawfire has made the advancement [Sticky Situation]
[20:55:38] [Server thread/INFO]: Crizona39 lost connection: Timed out
[20:55:38] [Server thread/INFO]: Crizona39 left the game
[20:55:43] [Server thread/INFO]: Crizona39[/127.141.75.184:49977] logged in with entity id 92533 at (-102.59106507055488, 39.875, 62.702989081179254)
[20:55:43] [Server thread/INFO]: Crizona39 joined the game
[20:58:37] [Server thread/INFO]: strawfire has made the advancement [Wax On]
[20:58:38] [Server thread/INFO]: strawfire has made the advancement [Wax Off]
[20:59:22] [Server thread/INFO]: strawfire has made the advancement [Total Beelocation]
[21:01:01] [Server thread/INFO]: strawfire has made the advancement [Stay Hydrated!]
[21:09:28] [Server thread/INFO]: [Not Secure] <strawfire> -640 221
[21:12:09] [Server thread/WARN]: Crizona39 moved too quickly! 9.802887647108605,1.1661092609382138,-1.7252839719863289
[21:26:13] [Server thread/INFO]: strawfire has made the advancement [Local Brewery]
[21:30:30] [Server thread/INFO]: Villager cyx['Librarian'/104384, l='ServerLevel[world]', x=-5152.83, y=59.00, z=1674.50] died, message: 'Librarian was slain by Zombie'
[21:30:37] [Server thread/INFO]: strawfire was slain by Zombie
[21:33:04] [Server thread/INFO]: strawfire was slain by Zombie Villager
[21:33:20] [Server thread/INFO]: strawfire was slain by Zombie Villager
[21:34:51] [Server thread/INFO]: strawfire was slain by Zombie
[21:36:00] [Server thread/INFO]: strawfire was slain by Zombie Villager
[21:36:17] [Server thread/INFO]: strawfire was slain by Zombie Villager
[21:36:39] [Server thread/INFO]: Crizona39 lost connection: Disconnected
[21:36:39] [Server thread/INFO]: Crizona39 left the game
[21:36:46] [Server thread/INFO]: rafagd lost connection: Disconnected
[21:36:46] [Server thread/INFO]: rafagd left the game
[21:37:37] [Server thread/INFO]: strawfire was slain by Zombie Villager
[21:37:55] [Server thread/INFO]: strawfire lost connection: Disconnected
[21:37:55] [Server thread/INFO]: strawfire left the game
[21:38:55] [Server thread/INFO]: Server empty for 60 seconds, pausing
